<?xml version="1.0" encoding="UTF-8"?>
<!-- Generated by org.testng.reporters.JUnitReportReporter -->
<testsuite skipped="0" hostname="DESKTOP-F32IQAG" name="testcasess.RunTest" tests="4" failures="0" timestamp="04 May 2020 15:50:40 GMT" time="16.722" errors="0">
  <testcase name="f" time="7.472" classname="testcasess.RunTest"/>
  <testcase name="f" time="7.299" classname="testcasess.RunTest"/>
  <testcase name="g" time="1.071" classname="testcasess.RunTest"/>
  <testcase name="g" time="0.880" classname="testcasess.RunTest"/>
</testsuite> <!-- testcasess.RunTest -->
