<?xml version="1.0" encoding="UTF-8"?>
<!-- Generated by org.testng.reporters.JUnitReportReporter -->
<testsuite skipped="0" hostname="DESKTOP-F32IQAG" name="testdetaa.NewTest" tests="8" failures="0" timestamp="04 May 2020 13:03:45 GMT" time="23.220" errors="0">
  <testcase name="first" time="8.002" classname="testdetaa.NewTest"/>
  <testcase name="first" time="8.185" classname="testdetaa.NewTest"/>
  <testcase name="f" time="1.618" classname="testdetaa.NewTest"/>
  <testcase name="f" time="0.644" classname="testdetaa.NewTest"/>
  <testcase name="f" time="1.031" classname="testdetaa.NewTest"/>
  <testcase name="f" time="1.941" classname="testdetaa.NewTest"/>
  <testcase name="f" time="0.888" classname="testdetaa.NewTest"/>
  <testcase name="f" time="0.911" classname="testdetaa.NewTest"/>
</testsuite> <!-- testdetaa.NewTest -->
